<?xml version="1.0" encoding="UTF-8"?>
<!-- Generated by org.testng.reporters.JUnitReportReporter -->
<testsuite hostname="LAPTOP-15GBQEPO" failures="0" tests="2" name="testng.DisableTest" time="0.010" errors="0" timestamp="2024-07-26T10:39:54 IST" skipped="1">
  <testcase classname="testng.DisableTest" name="demo3" time="0.010"/>
  <system-out>
    <![CDATA[demo3]]>
  </system-out>
  <testcase classname="testng.DisableTest" name="demo2">
    <skipped/>
  </testcase> <!-- demo2 -->
  <system-out/>
</testsuite> <!-- testng.DisableTest -->
