<?xml version="1.0" encoding="UTF-8"?>
<!-- Generated by org.testng.reporters.JUnitReportReporter -->
<testsuite hostname="LAPTOP-15GBQEPO" failures="0" tests="4" name="testng.InvocationCountTest" time="0.014" errors="0" timestamp="2024-07-26T10:32:23 IST" skipped="0">
  <testcase classname="testng.InvocationCountTest" name="demo3" time="0.002"/>
  <system-out>
    <![CDATA[demo3]]>
  </system-out>
  <testcase classname="testng.InvocationCountTest" name="demo2" time="0.010"/>
  <system-out>
    <![CDATA[demo2]]>
  </system-out>
  <testcase classname="testng.InvocationCountTest" name="demo2" time="0.001"/>
  <system-out>
    <![CDATA[demo2]]>
  </system-out>
  <testcase classname="testng.InvocationCountTest" name="demo2" time="0.001"/>
  <system-out>
    <![CDATA[demo2]]>
  </system-out>
</testsuite> <!-- testng.InvocationCountTest -->
